<?xml version="1.0" encoding="UTF-8"?>
<!-- Generated by org.testng.reporters.JUnitReportReporter -->
<testsuite skipped="0" hostname="AMANS_MASOOM" name="com.Tests.HomePageTest" tests="1" failures="0" timestamp="06 Jan 2020 17:07:10 GMT" time="201.446" errors="0">
  <testcase name="test" time="201.446" classname="com.Tests.HomePageTest"/>
</testsuite> <!-- com.Tests.HomePageTest -->
